注文履歴
10 件
ID: 503-4893323-0236623
注文番号: 503-4893323-0236623
注文日: 2022年12月4日
合計: ￥3,980
お届け先: 浪川真言
明細: [["アイリスオーヤマ 掃除機 コード式 ハンディ サイクロン スティッククリーナー 軽量 2WAY 自立 ちょい置き すきまノズル PIC-S2-S", "返品期間：2023/01/31まで", "", "再度購入\n商品を表示"]]
ID: 503-2877439-1357447
注文番号: 503-2877439-1357447
注文日: 2022年12月4日
合計: ￥5,980
お届け先: 浪川真言
明細: [["加湿器 ハイブリッド加湿器 上から給水 大容量 6畳 14畳 おしゃれ 卓上 アロマ 5.5L オフィス ハイブリッド式加湿器 上部給水 静音 省エネ 節電 ホワイト MAXZEN KSH-MX602-WH", "返品期間：2023/01/31まで", "", "再度購入\n商品を表示"]]
ID: D01-1564169-3381801
注文番号: D01-1564169-3381801
注文日: 2022年11月17日
合計: ￥1,485
明細: [["ＴＨＥ　ＦＯＲＭＡＴ", "石倉 秀明", "Kindle 版", ""]]
ID: D01-6796281-7356217
注文番号: D01-6796281-7356217
注文日: 2022年11月17日
合計: ￥2,860
明細: [["HTML/CSSブロックコーディング デザインをすらすら再現できる", "笠井 枝理依", "Kindle 版", ""]]
ID: D01-5043373-0162647
注文番号: D01-5043373-0162647
注文日: 2022年9月21日
合計: ￥0
明細: [["マンガでわかるJavaScriptのPromise マンガでわかるプログラミング", "柳井 政和", "Kindle 版", ""]]
ID: 249-2433140-0307847
注文番号: 249-2433140-0307847
注文日: 2022年9月6日
合計: ￥2,760
お届け先: 山元 彰也
明細: [["Kasamy 水槽 用 リング型 クリア ガラスパイプ 熱帯魚 アクアリウム 水草 (12/16 ホース用 出水)", "返品期間：2022/10/08まで", "", "再度購入\n商品を表示"]]
ID: 503-9021163-1028657
注文番号: 503-9021163-1028657
注文日: 2022年9月1日
合計: ￥448
お届け先: 山元 彰也
明細: [["スドー スリムネットしなり S", "返品期間：2022/10/02まで", "", "再度購入\n商品を表示"]]
ID: 503-4111872-8631056
注文番号: 503-4111872-8631056
注文日: 2022年9月1日
合計: ￥780
お届け先: 山元 彰也
明細: [["ジェックス メガパワー用ホース 送水用 1.5m 観賞魚用品", "返品期間：2022/10/03まで", "", "再度購入\n商品を表示"]]
ID: 503-3427448-1382229
注文番号: 503-3427448-1382229
注文日: 2022年9月1日
合計: ￥5,360
お届け先: 山元 彰也
明細: [["DaJiang 水槽 スクレーパー プロレイザー 苔 コケ取り ゴミ取り 苔スクレーパー 掃除 65cm クリーナー ステンレス 替え刃10枚 付き", "返品期間：2022/10/03まで", "", "再度購入\n商品を表示"], ["水槽用ガラスリリーパイプセット吸水出水 アクアリウム 外部フィルター対応します(12/16mm)", "返品期間：2022/10/03まで", "", "再度購入\n商品を表示"], ["マツダ 水槽 バイオネット ミニ 2枚入 ろ材ネット", "返品期間：2022/10/03まで", "", "再度購入\n商品を表示"], ["ウォーターエンジニアリング 機能性ろ過材 Cavity(キャビティ) 1リットル", "返品期間：2022/10/03まで", "", "再度購入\n商品を表示"]]
ID: 503-3075480-7109428
注文番号: 503-3075480-7109428
注文日: 2022年9月1日
合計: ￥7,580
お届け先: 山元 彰也
明細: [["エーハイム フィルター EF-500 60HZ", "返品期間：2022/10/06まで", "", "再度購入\n商品を表示"]]
